#
# A fatal error has been detected by the Java Runtime Environment:
#
#  EXCEPTION_ACCESS_VIOLATION (0xc0000005) at pc=0x000000006d9b233b, pid=6004, tid=2064
#
# JRE version: 6.0_20-b02
# Java VM: Java HotSpot(TM) 64-Bit Server VM (16.3-b01 mixed mode windows-amd64 )
# Problematic frame:
# V  [jvm.dll+0x12233b]
#
# If you would like to submit a bug report, please visit:
#   http://java.sun.com/webapps/bugreport/crash.jsp
#

---------------  T H R E A D  ---------------

Current thread (0x000000000053a800):  ConcurrentGCThread [stack: 0x000000000e650000,0x000000000e850000] [id=2064]

siginfo: ExceptionCode=0xc0000005, reading address 0x0000000000050057

Registers:
EAX=0x0000000000050047, EBX=0x000000000e84fbd0, ECX=0x0000000000050057, EDX=0x00000001fa62fd08
ESP=0x000000000e84f810, EBP=0x0000000000000060, ESI=0x00000001fa62ccb0, EDI=0x000000000e84fbd0
EIP=0x000000006d9b233b, EFLAGS=0x0000000000010246

Top of Stack: (sp=0x000000000e84f810)
0x000000000e84f810:   00000000004fc498 000000006d9b3271
0x000000000e84f820:   000000000e84f8b0 000000006d9b3271
0x000000000e84f830:   000000000e84fbd0 000000006dc3ceb0
0x000000000e84f840:   000000000e84fbd0 000000006dbaadce
0x000000000e84f850:   00000001fa62cb80 000000000e84fbd0
0x000000000e84f860:   000000000e84fb80 0000000000000000
0x000000000e84f870:   000000000e84fb80 000000000e84f930
0x000000000e84f880:   00000001fa62c9b0 000000006d9a6113
0x000000000e84f890:   0000000000000e40 000000000053b020
0x000000000e84f8a0:   00000000004fc480 0000000000007200
0x000000000e84f8b0:   00000001fa629e00 0000000000000e40
0x000000000e84f8c0:   000000000e84f930 000000006d9aba7d
0x000000000e84f8d0:   00000001fa62be78 000000000e84f930
0x000000000e84f8e0:   000000000e84fb80 00000001fa62c040
0x000000000e84f8f0:   00000001fa629e00 0000000000000e40
0x000000000e84f900:   00000000000001e5 000000006d981ede 

Instructions: (pc=0x000000006d9b233b)
0x000000006d9b232b:   4f 00 eb 04 48 8b 42 08 48 8d 48 10 4c 8d 43 58
0x000000006d9b233b:   48 8b 01 ff 90 18 02 00 00 80 bb c8 00 00 00 00 


Stack: [0x000000000e650000,0x000000000e850000],  sp=0x000000000e84f810,  free space=7fe0000000000000000k
Native frames: (J=compiled Java code, j=interpreted, Vv=VM code, C=native code)
V  [jvm.dll+0x12233b]

[error occurred during error reporting (printing native stack), id 0xc0000005]


---------------  P R O C E S S  ---------------

Java Threads: ( => current thread )
  0x0000000012065000 JavaThread "GC Daemon" daemon [_thread_blocked, id=2292, stack(0x0000000013a00000,0x0000000013c00000)]
  0x0000000012064800 JavaThread "RMI Reaper" [_thread_blocked, id=5532, stack(0x0000000013800000,0x0000000013a00000)]
  0x000000000ea48000 JavaThread "RMI TCP Accept-0" daemon [_thread_in_native, id=4304, stack(0x0000000013600000,0x0000000013800000)]
  0x000000000e967800 JavaThread "Low Memory Detector" daemon [_thread_blocked, id=412, stack(0x0000000011c10000,0x0000000011e10000)]
  0x000000000e964000 JavaThread "CompilerThread1" daemon [_thread_blocked, id=5556, stack(0x0000000011a10000,0x0000000011c10000)]
  0x000000000e95f800 JavaThread "CompilerThread0" daemon [_thread_blocked, id=5296, stack(0x0000000011810000,0x0000000011a10000)]
  0x000000000e95d000 JavaThread "Attach Listener" daemon [_thread_blocked, id=5168, stack(0x0000000011610000,0x0000000011810000)]
  0x000000000e95c000 JavaThread "Signal Dispatcher" daemon [_thread_blocked, id=4936, stack(0x0000000011410000,0x0000000011610000)]
  0x000000000e95b800 JavaThread "Surrogate Locker Thread (CMS)" daemon [_thread_blocked, id=4408, stack(0x0000000011210000,0x0000000011410000)]
  0x000000000e903000 JavaThread "Finalizer" daemon [_thread_blocked, id=2704, stack(0x0000000011010000,0x0000000011210000)]
  0x000000000e8fc800 JavaThread "Reference Handler" daemon [_thread_blocked, id=4924, stack(0x000000000ec50000,0x000000000ee50000)]
  0x00000000004a8000 JavaThread "main" [_thread_in_vm, id=4636, stack(0x0000000000030000,0x0000000000230000)]

Other Threads:
  0x000000000e8f4000 VMThread [stack: 0x000000000ea50000,0x000000000ec50000] [id=4452]
  0x000000000e96a800 WatcherThread [stack: 0x0000000011e10000,0x0000000012010000] [id=1880]

=>0x000000000053a800 (exited) ConcurrentGCThread [stack: 0x000000000e650000,0x000000000e850000] [id=2064]

VM state:not at safepoint (normal execution)

VM Mutex/Monitor currently owned by a thread:  ([mutex/lock_event])
[0x00000000003ae210] Heap_lock - owner thread: 0x00000000004a8000

Heap
 par new generation   total 19136K, used 340K [0x000000007fff0000, 0x00000000814b0000, 0x0000000085320000)
  eden space 17024K,   2% used [0x000000007fff0000, 0x0000000080045208, 0x0000000081090000)
  from space 2112K,   0% used [0x0000000081090000, 0x0000000081090000, 0x00000000812a0000)
  to   space 2112K,   0% used [0x00000000812a0000, 0x00000000812a0000, 0x00000000814b0000)
 concurrent mark-sweep generation total 63872K, used 332K [0x0000000085320000, 0x0000000089180000, 0x00000001f9ff0000)
 concurrent-mark-sweep perm gen total 131072K, used 6407K [0x00000001f9ff0000, 0x0000000201ff0000, 0x0000000201ff0000)

Dynamic libraries:
0x0000000000400000 - 0x000000000046c000 	C:\Program Files\ImageJ\ImageJ.exe
0x0000000077c70000 - 0x0000000077e1a000 	C:\Windows\SYSTEM32\ntdll.dll
0x0000000077b50000 - 0x0000000077c6f000 	C:\Windows\system32\kernel32.dll
0x000007fefdcd0000 - 0x000007fefdd3c000 	C:\Windows\system32\KERNELBASE.dll
0x000007feff180000 - 0x000007feff25b000 	C:\Windows\system32\ADVAPI32.dll
0x000007feffac0000 - 0x000007feffb5f000 	C:\Windows\system32\msvcrt.dll
0x000007feffaa0000 - 0x000007feffabf000 	C:\Windows\SYSTEM32\sechost.dll
0x000007feff540000 - 0x000007feff66d000 	C:\Windows\system32\RPCRT4.dll
0x0000000077a50000 - 0x0000000077b4a000 	C:\Windows\system32\USER32.dll
0x000007fefdf40000 - 0x000007fefdfa7000 	C:\Windows\system32\GDI32.dll
0x000007feffca0000 - 0x000007feffcae000 	C:\Windows\system32\LPK.dll
0x000007fefde70000 - 0x000007fefdf39000 	C:\Windows\system32\USP10.dll
0x000007feff670000 - 0x000007feff69e000 	C:\Windows\system32\IMM32.DLL
0x000007feff6a0000 - 0x000007feff7a9000 	C:\Windows\system32\MSCTF.dll
0x000007fefd950000 - 0x000007fefd994000 	C:\Windows\system32\nvinitx.dll
0x000000000f000000 - 0x000000000f006000 	C:\Program Files\NVIDIA Corporation\CoProcManager\_etoured.dll
0x000007fef9dd0000 - 0x000007fef9e15000 	C:\Program Files\NVIDIA Corporation\CoProcManager\nvd3d9wrapx.dll
0x000007fefe210000 - 0x000007fefe3e7000 	C:\Windows\system32\SETUPAPI.dll
0x000007fefdaf0000 - 0x000007fefdb26000 	C:\Windows\system32\CFGMGR32.dll
0x000007feffbc0000 - 0x000007feffc97000 	C:\Windows\system32\OLEAUT32.dll
0x000007fefdfb0000 - 0x000007fefe1b3000 	C:\Windows\system32\ole32.dll
0x000007fefdad0000 - 0x000007fefdaea000 	C:\Windows\system32\DEVOBJ.dll
0x000007fef9cf0000 - 0x000007fef9d27000 	C:\Program Files\NVIDIA Corporation\CoProcManager\nvdxgiwrapx.dll
0x000000006d890000 - 0x000000006df35000 	C:\Program Files\ImageJ\jre\bin\server\jvm.dll
0x000007fefb940000 - 0x000007fefb97b000 	C:\Windows\system32\WINMM.dll
0x000000006d800000 - 0x000000006d80e000 	C:\Program Files\ImageJ\jre\bin\verify.dll
0x000000006d450000 - 0x000000006d477000 	C:\Program Files\ImageJ\jre\bin\java.dll
0x000000006d3b0000 - 0x000000006d3ba000 	C:\Program Files\ImageJ\jre\bin\hpi.dll
0x0000000077e40000 - 0x0000000077e47000 	C:\Windows\system32\PSAPI.DLL
0x000000006d850000 - 0x000000006d862000 	C:\Program Files\ImageJ\jre\bin\zip.dll
0x000000006d0a0000 - 0x000000006d263000 	C:\Program Files\ImageJ\jre\bin\awt.dll
0x000007fef9910000 - 0x000007fef9981000 	C:\Windows\system32\WINSPOOL.DRV
0x000007fefe3f0000 - 0x000007feff179000 	C:\Windows\system32\SHELL32.dll
0x000007fefff00000 - 0x000007fefff71000 	C:\Windows\system32\SHLWAPI.dll
0x000007fef9990000 - 0x000007fef9a30000 	C:\Windows\WinSxS\amd64_microsoft.windows.common-controls_6595b64144ccf1df_5.82.7601.18201_none_a4d3b9377117c3df\COMCTL32.dll
0x000007fefd220000 - 0x000007fefd237000 	C:\Windows\system32\CRYPTSP.dll
0x000007fefcf20000 - 0x000007fefcf67000 	C:\Windows\system32\rsaenh.dll
0x000007fefdab0000 - 0x000007fefdace000 	C:\Windows\system32\USERENV.dll
0x000007fefda30000 - 0x000007fefda3f000 	C:\Windows\system32\profapi.dll
0x000007fefd880000 - 0x000007fefd88f000 	C:\Windows\system32\CRYPTBASE.dll
0x000000006d6a0000 - 0x000000006d6b7000 	C:\Program Files\ImageJ\jre\bin\net.dll
0x000007fefe1c0000 - 0x000007fefe20d000 	C:\Windows\system32\WS2_32.dll
0x000007feff3a0000 - 0x000007feff3a8000 	C:\Windows\system32\NSI.dll
0x000007fefd1c0000 - 0x000007fefd215000 	C:\Windows\system32\mswsock.dll
0x000007fefd1b0000 - 0x000007fefd1b7000 	C:\Windows\System32\wship6.dll
0x000007fefb580000 - 0x000007fefb595000 	C:\Windows\system32\NLAapi.dll
0x000007fef6b60000 - 0x000007fef6b75000 	C:\Windows\system32\napinsp.dll
0x000007fef6b80000 - 0x000007fef6b99000 	C:\Windows\system32\pnrpnsp.dll
0x000007fefd040000 - 0x000007fefd09b000 	C:\Windows\system32\DNSAPI.dll
0x000007fef6b50000 - 0x000007fef6b5b000 	C:\Windows\System32\winrnr.dll
0x000007fefcb70000 - 0x000007fefcb77000 	C:\Windows\System32\wshtcpip.dll
0x000007fefb8c0000 - 0x000007fefb8e7000 	C:\Windows\system32\IPHLPAPI.DLL
0x000007fefb8b0000 - 0x000007fefb8bb000 	C:\Windows\system32\WINNSI.DLL
0x000007fef8220000 - 0x000007fef8228000 	C:\Windows\system32\rasadhlp.dll
0x000007fefac00000 - 0x000007fefac53000 	C:\Windows\System32\fwpuclnt.dll

VM Arguments:
jvm_args: -Xmx6048m -Dpython.cachedir.skip=true -Dplugins.dir=C:\Program Files\ImageJ -Xincgc -XX:PermSize=128m 
java_command: ImageJ
Launcher Type: generic

Environment Variables:
JAVA_HOME=C:\Program Files\ImageJ/jre
CLASSPATH=.;C:\Program Files (x86)\Java\jre7\lib\ext\QTJava.zip
PATH=C:\Program Files\ImageMagick-6.8.6-Q16;C:\Windows\system32;C:\Windows;C:\Windows\System32\Wbem;C:\Windows\System32\WindowsPowerShell\v1.0\;C:\Program Files\MATLAB\R2012a\bin;C:\Program Files\Microsoft SQL Server\110\Tools\Binn\;C:\Program Files (x86)\MiKTeX 2.9\miktex\bin\;C:\Python27\;C:\Python27\Scripts\; C:\Python27\DLLs;C:\Program Files\R\R-3.0.1\bin\i386\;C:\Program Files (x86)\QuickTime\QTSystem\;C:\Program Files (x86)\Microsoft Visual Studio 11.0\VC\;C:\MinGW\bin\;D:\PROGRAMS\gmsh-2.8.3-Windows\;C:\Program Files\ImageJ\;C:\Program Files (x86)\Google\Chrome\Application\;C:\Program Files\Java\jdk1.7.0_67\bin\;D:\PROGRAMS\Fiji.app\;C:\Program Files (x86)\CMake 2.8\bin;C:\Program Files\ImageJ/lib/win64;C:\Program Files\ImageJ/mm/win64;C:\Program Files\ImageJ/jre/bin
USERNAME=LD40632
OS=Windows_NT
PROCESSOR_IDENTIFIER=Intel64 Family 6 Model 58 Stepping 9, GenuineIntel



---------------  S Y S T E M  ---------------

OS: Windows 7 Build 7601 Service Pack 1

CPU:total 4 (8 cores per cpu, 2 threads per core) family 6 model 58 stepping 9, cmov, cx8, fxsr, mmx, sse, sse2, sse3, ssse3, sse4.1, sse4.2, popcnt, ht

Memory: 4k page, physical 8256596k(6429492k free), swap 16511336k(13971428k free)

vm_info: Java HotSpot(TM) 64-Bit Server VM (16.3-b01) for windows-amd64 JRE (1.6.0_20-b02), built on Apr 12 2010 13:44:19 by "java_re" with MS VC++ 8.0 (VS2005)

time: Fri Jan 30 18:30:22 2015
elapsed time: 0 seconds

